<?xml version="1.0" encoding="UTF-8"?>
<!-- Generated by org.testng.reporters.JUnitXMLReporter -->
<testsuite hostname="MacBook-Pro.local" name="Firefox Test" tests="39" failures="4" timestamp="12 Nov 2015 01:47:48 GMT" time="669.06" errors="0">
  <testcase name="signUpNewUser" time="4.21" classname="com.mvn.automation.SignUpTest"/>
  <testcase name="signUpexistingUser" time="4.095" classname="com.mvn.automation.SignUpTest"/>
  <testcase name="signUpInvalidEmail" time="6.964" classname="com.mvn.automation.SignUpTest"/>
  <testcase name="signUpMissingName" time="7.088" classname="com.mvn.automation.SignUpTest"/>
  <testcase name="signUpMissingPassword" time="7.102" classname="com.mvn.automation.SignUpTest"/>
  <testcase name="signInUser" time="3.608" classname="com.mvn.automation.SignInTest"/>
  <testcase name="createNewSpace" time="9.363" classname="com.mvn.automation.CreateSpaceTest"/>
  <testcase name="addMoreFilestoSpace" time="12.156" classname="com.mvn.automation.CreateSpaceTest"/>
  <testcase name="deleteSpace" time="14.245" classname="com.mvn.automation.CreateSpaceTest"/>
  <testcase name="deleteSpaceMenu" time="12.628" classname="com.mvn.automation.CreateSpaceTest"/>
  <testcase name="backgroundImageSpace" time="22.658" classname="com.mvn.automation.CreateSpaceTest"/>
  <testcase name="RemoveBackgroundImageSpace" time="21.069" classname="com.mvn.automation.CreateSpaceTest">
    <failure type="org.openqa.selenium.ElementNotVisibleException" message="Element is not currently visible and so may not be interacted with
Command duration or timeout: 10.10 seconds
Build info: version: &amp;apos;2.47.1&amp;apos;, revision: &amp;apos;unknown&amp;apos;, time: &amp;apos;2015-07-30 11:02:44&amp;apos;
System info: host: &amp;apos;MacBook-Pro.local&amp;apos;, ip: &amp;apos;10.10.32.67&amp;apos;, os.name: &amp;apos;Mac OS X&amp;apos;, os.arch: &amp;apos;x86_64&amp;apos;, os.version: &amp;apos;10.10.5&amp;apos;, java.version: &amp;apos;1.7.0_71&amp;apos;
Session ID: 6c7699b6-b5de-f54d-8112-9d9b5a5283de
Driver info: org.openqa.selenium.firefox.FirefoxDriver
Capabilities [{platform=MAC, acceptSslCerts=true, javascriptEnabled=true, cssSelectorsEnabled=true, databaseEnabled=true, browserName=firefox, handlesAlerts=true, nativeEvents=false, webStorageEnabled=true, rotatable=false, locationContextEnabled=true, applicationCacheEnabled=true, takesScreenshot=true, version=41.0.2}]">
      <![CDATA[org.openqa.selenium.ElementNotVisibleException: Element is not currently visible and so may not be interacted with
Command duration or timeout: 10.10 seconds
Build info: version: '2.47.1', revision: 'unknown', time: '2015-07-30 11:02:44'
System info: host: 'MacBook-Pro.local', ip: '10.10.32.67', os.name: 'Mac OS X', os.arch: 'x86_64', os.version: '10.10.5', java.version: '1.7.0_71'
Session ID: 6c7699b6-b5de-f54d-8112-9d9b5a5283de
Driver info: org.openqa.selenium.firefox.FirefoxDriver
Capabilities [{platform=MAC, acceptSslCerts=true, javascriptEnabled=true, cssSelectorsEnabled=true, databaseEnabled=true, browserName=firefox, handlesAlerts=true, nativeEvents=false, webStorageEnabled=true, rotatable=false, locationContextEnabled=true, applicationCacheEnabled=true, takesScreenshot=true, version=41.0.2}]
	at org.openqa.selenium.remote.ErrorHandler.createThrowable(ErrorHandler.java:206)
	at org.openqa.selenium.remote.ErrorHandler.throwIfResponseFailed(ErrorHandler.java:158)
	at org.openqa.selenium.remote.RemoteWebDriver.execute(RemoteWebDriver.java:595)
	at org.openqa.selenium.remote.RemoteWebElement.execute(RemoteWebElement.java:273)
	at org.openqa.selenium.remote.RemoteWebElement.click(RemoteWebElement.java:84)
	at org.openqa.selenium.support.pagefactory.internal.LocatingElementHandler.invoke(LocatingElementHandler.java:51)
	at com.sun.proxy.$Proxy8.click(Unknown Source)
	at pageClasses.CreateSpacePageFactory.removeBackgroundImageSpace(CreateSpacePageFactory.java:175)
	at com.mvn.automation.CreateSpaceTest.RemoveBackgroundImageSpace(CreateSpaceTest.java:272)
Caused by: org.openqa.selenium.ElementNotVisibleException: Element is not currently visible and so may not be interacted with
Build info: version: '2.47.1', revision: 'unknown', time: '2015-07-30 11:02:44'
System info: host: 'MacBook-Pro.local', ip: '10.10.32.67', os.name: 'Mac OS X', os.arch: 'x86_64', os.version: '10.10.5', java.version: '1.7.0_71'
Driver info: driver.version: unknown
	at <anonymous class>.fxdriver.preconditions.visible(file:///var/folders/56/ff5jxyms6l5bmd_kg55gmqqw0000gn/T/anonymous7975357140644680057webdriver-profile/extensions/fxdriver@googlecode.com/components/command-processor.js:9982)
	at <anonymous class>.DelayedCommand.prototype.checkPreconditions_(file:///var/folders/56/ff5jxyms6l5bmd_kg55gmqqw0000gn/T/anonymous7975357140644680057webdriver-profile/extensions/fxdriver@googlecode.com/components/command-processor.js:12626)
	at <anonymous class>.DelayedCommand.prototype.executeInternal_/h(file:///var/folders/56/ff5jxyms6l5bmd_kg55gmqqw0000gn/T/anonymous7975357140644680057webdriver-profile/extensions/fxdriver@googlecode.com/components/command-processor.js:12643)
	at <anonymous class>.fxdriver.Timer.prototype.setTimeout/<.notify(file:///var/folders/56/ff5jxyms6l5bmd_kg55gmqqw0000gn/T/anonymous7975357140644680057webdriver-profile/extensions/fxdriver@googlecode.com/components/command-processor.js:623)
... Removed 31 stack frames]]>
    </failure>
  </testcase> <!-- RemoveBackgroundImageSpace -->
  <testcase name="upgradeAccount" time="16.362" classname="com.mvn.automation.UpgradeAccountTest">
    <failure type="org.junit.ComparisonFailure" message="expected:&amp;lt;[LITE] PLAN&amp;gt; but was:&amp;lt;[PRO] PLAN&amp;gt;">
      <![CDATA[org.junit.ComparisonFailure: expected:<[LITE] PLAN> but was:<[PRO] PLAN>
	at org.junit.Assert.assertEquals(Assert.java:125)
	at org.junit.Assert.assertEquals(Assert.java:147)
	at com.mvn.automation.UpgradeAccountTest.upgradeAccount(UpgradeAccountTest.java:104)
... Removed 24 stack frames]]>
    </failure>
  </testcase> <!-- upgradeAccount -->
  <testcase name="keepProAccount" time="15.948" classname="com.mvn.automation.UpgradeAccountTest">
    <failure type="org.junit.ComparisonFailure" message="expected:&amp;lt;[LITE] PLAN&amp;gt; but was:&amp;lt;[PRO] PLAN&amp;gt;">
      <![CDATA[org.junit.ComparisonFailure: expected:<[LITE] PLAN> but was:<[PRO] PLAN>
	at org.junit.Assert.assertEquals(Assert.java:125)
	at org.junit.Assert.assertEquals(Assert.java:147)
	at com.mvn.automation.UpgradeAccountTest.keepProAccount(UpgradeAccountTest.java:143)
... Removed 24 stack frames]]>
    </failure>
  </testcase> <!-- keepProAccount -->
  <testcase name="downgradeAccount" time="15.813" classname="com.mvn.automation.UpgradeAccountTest">
    <failure type="org.junit.ComparisonFailure" message="expected:&amp;lt;[LITE] PLAN&amp;gt; but was:&amp;lt;[PRO] PLAN&amp;gt;">
      <![CDATA[org.junit.ComparisonFailure: expected:<[LITE] PLAN> but was:<[PRO] PLAN>
	at org.junit.Assert.assertEquals(Assert.java:125)
	at org.junit.Assert.assertEquals(Assert.java:147)
	at com.mvn.automation.UpgradeAccountTest.downgradeAccount(UpgradeAccountTest.java:189)
... Removed 24 stack frames]]>
    </failure>
  </testcase> <!-- downgradeAccount -->
  <testcase name="findHomePageLinks" time="12.704" classname="com.mvn.automation.HomePageLinksTest"/>
  <testcase name="oAuth_noPwdSignIn" time="15.549" classname="com.mvn.automation.OAuth_signInTest"/>
  <testcase name="oAuth_noEmailSignIn" time="15.35" classname="com.mvn.automation.OAuth_signInTest"/>
  <testcase name="oAuth_incorrectPwdSignIn" time="15.291" classname="com.mvn.automation.OAuth_signInTest"/>
  <testcase name="oAuth_incorrectEmailSignIn" time="15.18" classname="com.mvn.automation.OAuth_signInTest"/>
  <testcase name="oAuth_nonExistingEmailSignIn" time="15.49" classname="com.mvn.automation.OAuth_signInTest"/>
  <testcase name="oAuth_validSignIn" time="16.45" classname="com.mvn.automation.OAuth_signInTest"/>
  <testcase name="shareAspace" time="22.421" classname="com.mvn.automation.ShareASpaceTest"/>
  <testcase name="signOutUser" time="6.295" classname="com.mvn.automation.SignOutTest"/>
  <testcase name="AdminSignInUser" time="28.127" classname="com.mvn.automation.AdminSignInTest"/>
  <testcase name="AdminLinkSignIn" time="12.038" classname="com.mvn.automation.AdminSignInTest"/>
  <testcase name="AdminSignInNoPwd" time="2.602" classname="com.mvn.automation.AdminSignInTest"/>
  <testcase name="AdminSignInNoEmail" time="2.279" classname="com.mvn.automation.AdminSignInTest"/>
  <testcase name="AdminSignInInvalidEmail" time="5.695" classname="com.mvn.automation.AdminSignInTest"/>
  <testcase name="AdminSignInInvalidPwd" time="4.939" classname="com.mvn.automation.AdminSignInTest"/>
  <testcase name="AdminResetPwd" time="4.576" classname="com.mvn.automation.AdminResetPwdTest"/>
  <testcase name="AdminResetPwdResend" time="4.598" classname="com.mvn.automation.AdminResetPwdTest"/>
  <testcase name="AdminMemberAdd" time="15.324" classname="com.mvn.automation.AdminMemberTest"/>
  <testcase name="AdminMemberSearch" time="10.966" classname="com.mvn.automation.AdminMemberTest"/>
  <testcase name="AdminMemberCancel" time="14.782" classname="com.mvn.automation.AdminMemberTest"/>
  <testcase name="passwordUpdateSpacesUser" time="13.915" classname="com.mvn.automation.PasswordUpdateTest"/>
  <testcase name="resetUserPassword" time="8.368" classname="com.mvn.automation.PasswordUpdateTest"/>
  <testcase name="downloadFiles" time="14.191" classname="com.mvn.automation.MenuOptionsTest"/>
  <testcase name="addAccessCode" time="14.131" classname="com.mvn.automation.MenuOptionsTest"/>
</testsuite> <!-- Firefox Test -->
