<html>
<head>
<title>TestNG:  Firefox Test</title>
<link href="../testng.css" rel="stylesheet" type="text/css" />
<link href="../my-testng.css" rel="stylesheet" type="text/css" />

<style type="text/css">
.log { display: none;} 
.stack-trace { display: none;} 
</style>
<script type="text/javascript">
<!--
function flip(e) {
  current = e.style.display;
  if (current == 'block') {
    e.style.display = 'none';
    return 0;
  }
  else {
    e.style.display = 'block';
    return 1;
  }
}

function toggleBox(szDivId, elem, msg1, msg2)
{
  var res = -1;  if (document.getElementById) {
    res = flip(document.getElementById(szDivId));
  }
  else if (document.all) {
    // this is the way old msie versions work
    res = flip(document.all[szDivId]);
  }
  if(elem) {
    if(res == 0) elem.innerHTML = msg1; else elem.innerHTML = msg2;
  }

}

function toggleAllBoxes() {
  if (document.getElementsByTagName) {
    d = document.getElementsByTagName('div');
    for (i = 0; i < d.length; i++) {
      if (d[i].className == 'log') {
        flip(d[i]);
      }
    }
  }
}

// -->
</script>

</head>
<body>
<h2 align='center'>Firefox Test</h2><table border='1' align="center">
<tr>
<td>Tests passed/Failed/Skipped:</td><td>35/4/0</td>
</tr><tr>
<td>Started on:</td><td>Wed Nov 11 17:36:39 PST 2015</td>
</tr>
<tr><td>Total time:</td><td>669 seconds (669060 ms)</td>
</tr><tr>
<td>Included groups:</td><td></td>
</tr><tr>
<td>Excluded groups:</td><td></td>
</tr>
</table><p/>
<small><i>(Hover the method name to see the test class name)</i></small><p/>
<table width='100%' border='1' class='invocation-failed'>
<tr><td colspan='4' align='center'><b>FAILED TESTS</b></td></tr>
<tr><td><b>Test method</b></td>
<td width="30%"><b>Exception</b></td>
<td width="10%"><b>Time (seconds)</b></td>
<td><b>Instance</b></td>
</tr>
<tr>
<td title='com.mvn.automation.CreateSpaceTest.RemoveBackgroundImageSpace()'><b>RemoveBackgroundImageSpace</b><br>Test class: com.mvn.automation.CreateSpaceTest</td>
<td><div><pre>org.openqa.selenium.ElementNotVisibleException: Element is not currently visible and so may not be interacted with
Command duration or timeout: 10.10 seconds
Build info: version: &apos;2.47.1&apos;, revision: &apos;unknown&apos;, time: &apos;2015-07-30 11:02:44&apos;
System info: host: &apos;MacBook-Pro.local&apos;, ip: &apos;10.10.32.67&apos;, os.name: &apos;Mac OS X&apos;, os.arch: &apos;x86_64&apos;, os.version: &apos;10.10.5&apos;, java.version: &apos;1.7.0_71&apos;
Session ID: 6c7699b6-b5de-f54d-8112-9d9b5a5283de
Driver info: org.openqa.selenium.firefox.FirefoxDriver
Capabilities [{platform=MAC, acceptSslCerts=true, javascriptEnabled=true, cssSelectorsEnabled=true, databaseEnabled=true, browserName=firefox, handlesAlerts=true, nativeEvents=false, webStorageEnabled=true, rotatable=false, locationContextEnabled=true, applicationCacheEnabled=true, takesScreenshot=true, version=41.0.2}]
	at org.openqa.selenium.remote.ErrorHandler.createThrowable(ErrorHandler.java:206)
	at org.openqa.selenium.remote.ErrorHandler.throwIfResponseFailed(ErrorHandler.java:158)
	at org.openqa.selenium.remote.RemoteWebDriver.execute(RemoteWebDriver.java:595)
	at org.openqa.selenium.remote.RemoteWebElement.execute(RemoteWebElement.java:273)
	at org.openqa.selenium.remote.RemoteWebElement.click(RemoteWebElement.java:84)
	at org.openqa.selenium.support.pagefactory.internal.LocatingElementHandler.invoke(LocatingElementHandler.java:51)
	at com.sun.proxy.$Proxy8.click(Unknown Source)
	at pageClasses.CreateSpacePageFactory.removeBackgroundImageSpace(CreateSpacePageFactory.java:175)
	at com.mvn.automation.CreateSpaceTest.RemoveBackgroundImageSpace(CreateSpaceTest.java:272)
Caused by: org.openqa.selenium.ElementNotVisibleException: Element is not currently visible and so may not be interacted with
Build info: version: &apos;2.47.1&apos;, revision: &apos;unknown&apos;, time: &apos;2015-07-30 11:02:44&apos;
System info: host: &apos;MacBook-Pro.local&apos;, ip: &apos;10.10.32.67&apos;, os.name: &apos;Mac OS X&apos;, os.arch: &apos;x86_64&apos;, os.version: &apos;10.10.5&apos;, java.version: &apos;1.7.0_71&apos;
Driver info: driver.version: unknown
	at &lt;anonymous class&gt;.fxdriver.preconditions.visible(file:///var/folders/56/ff5jxyms6l5bmd_kg55gmqqw0000gn/T/anonymous7975357140644680057webdriver-profile/extensions/fxdriver@googlecode.com/components/command-processor.js:9982)
	at &lt;anonymous class&gt;.DelayedCommand.prototype.checkPreconditions_(file:///var/folders/56/ff5jxyms6l5bmd_kg55gmqqw0000gn/T/anonymous7975357140644680057webdriver-profile/extensions/fxdriver@googlecode.com/components/command-processor.js:12626)
	at &lt;anonymous class&gt;.DelayedCommand.prototype.executeInternal_/h(file:///var/folders/56/ff5jxyms6l5bmd_kg55gmqqw0000gn/T/anonymous7975357140644680057webdriver-profile/extensions/fxdriver@googlecode.com/components/command-processor.js:12643)
	at &lt;anonymous class&gt;.fxdriver.Timer.prototype.setTimeout/&lt;.notify(file:///var/folders/56/ff5jxyms6l5bmd_kg55gmqqw0000gn/T/anonymous7975357140644680057webdriver-profile/extensions/fxdriver@googlecode.com/components/command-processor.js:623)
... Removed 31 stack frames</pre></div><a href='#' onClick='toggleBox("stack-trace1782045551", this, "Click to show all stack frames", "Click to hide stack frames")'>Click to show all stack frames</a>
<div class='stack-trace' id='stack-trace1782045551'><pre>org.openqa.selenium.ElementNotVisibleException: Element is not currently visible and so may not be interacted with
Command duration or timeout: 10.10 seconds
Build info: version: &apos;2.47.1&apos;, revision: &apos;unknown&apos;, time: &apos;2015-07-30 11:02:44&apos;
System info: host: &apos;MacBook-Pro.local&apos;, ip: &apos;10.10.32.67&apos;, os.name: &apos;Mac OS X&apos;, os.arch: &apos;x86_64&apos;, os.version: &apos;10.10.5&apos;, java.version: &apos;1.7.0_71&apos;
Session ID: 6c7699b6-b5de-f54d-8112-9d9b5a5283de
Driver info: org.openqa.selenium.firefox.FirefoxDriver
Capabilities [{platform=MAC, acceptSslCerts=true, javascriptEnabled=true, cssSelectorsEnabled=true, databaseEnabled=true, browserName=firefox, handlesAlerts=true, nativeEvents=false, webStorageEnabled=true, rotatable=false, locationContextEnabled=true, applicationCacheEnabled=true, takesScreenshot=true, version=41.0.2}]
	at sun.reflect.NativeConstructorAccessorImpl.newInstance0(Native Method)
	at sun.reflect.NativeConstructorAccessorImpl.newInstance(NativeConstructorAccessorImpl.java:57)
	at sun.reflect.DelegatingConstructorAccessorImpl.newInstance(DelegatingConstructorAccessorImpl.java:45)
	at java.lang.reflect.Constructor.newInstance(Constructor.java:526)
	at org.openqa.selenium.remote.ErrorHandler.createThrowable(ErrorHandler.java:206)
	at org.openqa.selenium.remote.ErrorHandler.throwIfResponseFailed(ErrorHandler.java:158)
	at org.openqa.selenium.remote.RemoteWebDriver.execute(RemoteWebDriver.java:595)
	at org.openqa.selenium.remote.RemoteWebElement.execute(RemoteWebElement.java:273)
	at org.openqa.selenium.remote.RemoteWebElement.click(RemoteWebElement.java:84)
	at sun.reflect.GeneratedMethodAccessor6.invoke(Unknown Source)
	at sun.reflect.DelegatingMethodAccessorImpl.invoke(DelegatingMethodAccessorImpl.java:43)
	at java.lang.reflect.Method.invoke(Method.java:606)
	at org.openqa.selenium.support.pagefactory.internal.LocatingElementHandler.invoke(LocatingElementHandler.java:51)
	at com.sun.proxy.$Proxy8.click(Unknown Source)
	at pageClasses.CreateSpacePageFactory.removeBackgroundImageSpace(CreateSpacePageFactory.java:175)
	at com.mvn.automation.CreateSpaceTest.RemoveBackgroundImageSpace(CreateSpaceTest.java:272)
	at sun.reflect.NativeMethodAccessorImpl.invoke0(Native Method)
	at sun.reflect.NativeMethodAccessorImpl.invoke(NativeMethodAccessorImpl.java:57)
	at sun.reflect.DelegatingMethodAccessorImpl.invoke(DelegatingMethodAccessorImpl.java:43)
	at java.lang.reflect.Method.invoke(Method.java:606)
	at org.testng.internal.MethodInvocationHelper.invokeMethod(MethodInvocationHelper.java:85)
	at org.testng.internal.Invoker.invokeMethod(Invoker.java:639)
	at org.testng.internal.Invoker.invokeTestMethod(Invoker.java:816)
	at org.testng.internal.Invoker.invokeTestMethods(Invoker.java:1124)
	at org.testng.internal.TestMethodWorker.invokeTestMethods(TestMethodWorker.java:124)
	at org.testng.internal.TestMethodWorker.run(TestMethodWorker.java:108)
	at org.testng.TestRunner.privateRun(TestRunner.java:773)
	at org.testng.TestRunner.run(TestRunner.java:623)
	at org.testng.SuiteRunner.runTest(SuiteRunner.java:359)
	at org.testng.SuiteRunner.runSequentially(SuiteRunner.java:354)
	at org.testng.SuiteRunner.privateRun(SuiteRunner.java:312)
	at org.testng.SuiteRunner.run(SuiteRunner.java:261)
	at org.testng.SuiteRunnerWorker.runSuite(SuiteRunnerWorker.java:52)
	at org.testng.SuiteRunnerWorker.run(SuiteRunnerWorker.java:86)
	at org.testng.TestNG.runSuitesSequentially(TestNG.java:1185)
	at org.testng.TestNG.runSuitesLocally(TestNG.java:1110)
	at org.testng.TestNG.run(TestNG.java:1018)
	at org.testng.remote.RemoteTestNG.run(RemoteTestNG.java:112)
	at org.testng.remote.RemoteTestNG.initAndRun(RemoteTestNG.java:205)
	at org.testng.remote.RemoteTestNG.main(RemoteTestNG.java:176)
Caused by: org.openqa.selenium.ElementNotVisibleException: Element is not currently visible and so may not be interacted with
Build info: version: &apos;2.47.1&apos;, revision: &apos;unknown&apos;, time: &apos;2015-07-30 11:02:44&apos;
System info: host: &apos;MacBook-Pro.local&apos;, ip: &apos;10.10.32.67&apos;, os.name: &apos;Mac OS X&apos;, os.arch: &apos;x86_64&apos;, os.version: &apos;10.10.5&apos;, java.version: &apos;1.7.0_71&apos;
Driver info: driver.version: unknown
	at &lt;anonymous class&gt;.fxdriver.preconditions.visible(file:///var/folders/56/ff5jxyms6l5bmd_kg55gmqqw0000gn/T/anonymous7975357140644680057webdriver-profile/extensions/fxdriver@googlecode.com/components/command-processor.js:9982)
	at &lt;anonymous class&gt;.DelayedCommand.prototype.checkPreconditions_(file:///var/folders/56/ff5jxyms6l5bmd_kg55gmqqw0000gn/T/anonymous7975357140644680057webdriver-profile/extensions/fxdriver@googlecode.com/components/command-processor.js:12626)
	at &lt;anonymous class&gt;.DelayedCommand.prototype.executeInternal_/h(file:///var/folders/56/ff5jxyms6l5bmd_kg55gmqqw0000gn/T/anonymous7975357140644680057webdriver-profile/extensions/fxdriver@googlecode.com/components/command-processor.js:12643)
	at &lt;anonymous class&gt;.fxdriver.Timer.prototype.setTimeout/&lt;.notify(file:///var/folders/56/ff5jxyms6l5bmd_kg55gmqqw0000gn/T/anonymous7975357140644680057webdriver-profile/extensions/fxdriver@googlecode.com/components/command-processor.js:623)
</pre></div></td>
<td>21</td>
<td>com.mvn.automation.CreateSpaceTest@4d25c934</td></tr>
<tr>
<td title='com.mvn.automation.UpgradeAccountTest.downgradeAccount()'><b>downgradeAccount</b><br>Test class: com.mvn.automation.UpgradeAccountTest</td>
<td><div><pre>org.junit.ComparisonFailure: expected:&lt;[LITE] PLAN&gt; but was:&lt;[PRO] PLAN&gt;
	at org.junit.Assert.assertEquals(Assert.java:125)
	at org.junit.Assert.assertEquals(Assert.java:147)
	at com.mvn.automation.UpgradeAccountTest.downgradeAccount(UpgradeAccountTest.java:189)
... Removed 24 stack frames</pre></div><a href='#' onClick='toggleBox("stack-trace62827821", this, "Click to show all stack frames", "Click to hide stack frames")'>Click to show all stack frames</a>
<div class='stack-trace' id='stack-trace62827821'><pre>org.junit.ComparisonFailure: expected:&lt;[LITE] PLAN&gt; but was:&lt;[PRO] PLAN&gt;
	at org.junit.Assert.assertEquals(Assert.java:125)
	at org.junit.Assert.assertEquals(Assert.java:147)
	at com.mvn.automation.UpgradeAccountTest.downgradeAccount(UpgradeAccountTest.java:189)
	at sun.reflect.NativeMethodAccessorImpl.invoke0(Native Method)
	at sun.reflect.NativeMethodAccessorImpl.invoke(NativeMethodAccessorImpl.java:57)
	at sun.reflect.DelegatingMethodAccessorImpl.invoke(DelegatingMethodAccessorImpl.java:43)
	at java.lang.reflect.Method.invoke(Method.java:606)
	at org.testng.internal.MethodInvocationHelper.invokeMethod(MethodInvocationHelper.java:85)
	at org.testng.internal.Invoker.invokeMethod(Invoker.java:639)
	at org.testng.internal.Invoker.invokeTestMethod(Invoker.java:816)
	at org.testng.internal.Invoker.invokeTestMethods(Invoker.java:1124)
	at org.testng.internal.TestMethodWorker.invokeTestMethods(TestMethodWorker.java:124)
	at org.testng.internal.TestMethodWorker.run(TestMethodWorker.java:108)
	at org.testng.TestRunner.privateRun(TestRunner.java:773)
	at org.testng.TestRunner.run(TestRunner.java:623)
	at org.testng.SuiteRunner.runTest(SuiteRunner.java:359)
	at org.testng.SuiteRunner.runSequentially(SuiteRunner.java:354)
	at org.testng.SuiteRunner.privateRun(SuiteRunner.java:312)
	at org.testng.SuiteRunner.run(SuiteRunner.java:261)
	at org.testng.SuiteRunnerWorker.runSuite(SuiteRunnerWorker.java:52)
	at org.testng.SuiteRunnerWorker.run(SuiteRunnerWorker.java:86)
	at org.testng.TestNG.runSuitesSequentially(TestNG.java:1185)
	at org.testng.TestNG.runSuitesLocally(TestNG.java:1110)
	at org.testng.TestNG.run(TestNG.java:1018)
	at org.testng.remote.RemoteTestNG.run(RemoteTestNG.java:112)
	at org.testng.remote.RemoteTestNG.initAndRun(RemoteTestNG.java:205)
	at org.testng.remote.RemoteTestNG.main(RemoteTestNG.java:176)
</pre></div></td>
<td>15</td>
<td>com.mvn.automation.UpgradeAccountTest@6bbc9c7d</td></tr>
<tr>
<td title='com.mvn.automation.UpgradeAccountTest.keepProAccount()'><b>keepProAccount</b><br>Test class: com.mvn.automation.UpgradeAccountTest</td>
<td><div><pre>org.junit.ComparisonFailure: expected:&lt;[LITE] PLAN&gt; but was:&lt;[PRO] PLAN&gt;
	at org.junit.Assert.assertEquals(Assert.java:125)
	at org.junit.Assert.assertEquals(Assert.java:147)
	at com.mvn.automation.UpgradeAccountTest.keepProAccount(UpgradeAccountTest.java:143)
... Removed 24 stack frames</pre></div><a href='#' onClick='toggleBox("stack-trace313823034", this, "Click to show all stack frames", "Click to hide stack frames")'>Click to show all stack frames</a>
<div class='stack-trace' id='stack-trace313823034'><pre>org.junit.ComparisonFailure: expected:&lt;[LITE] PLAN&gt; but was:&lt;[PRO] PLAN&gt;
	at org.junit.Assert.assertEquals(Assert.java:125)
	at org.junit.Assert.assertEquals(Assert.java:147)
	at com.mvn.automation.UpgradeAccountTest.keepProAccount(UpgradeAccountTest.java:143)
	at sun.reflect.NativeMethodAccessorImpl.invoke0(Native Method)
	at sun.reflect.NativeMethodAccessorImpl.invoke(NativeMethodAccessorImpl.java:57)
	at sun.reflect.DelegatingMethodAccessorImpl.invoke(DelegatingMethodAccessorImpl.java:43)
	at java.lang.reflect.Method.invoke(Method.java:606)
	at org.testng.internal.MethodInvocationHelper.invokeMethod(MethodInvocationHelper.java:85)
	at org.testng.internal.Invoker.invokeMethod(Invoker.java:639)
	at org.testng.internal.Invoker.invokeTestMethod(Invoker.java:816)
	at org.testng.internal.Invoker.invokeTestMethods(Invoker.java:1124)
	at org.testng.internal.TestMethodWorker.invokeTestMethods(TestMethodWorker.java:124)
	at org.testng.internal.TestMethodWorker.run(TestMethodWorker.java:108)
	at org.testng.TestRunner.privateRun(TestRunner.java:773)
	at org.testng.TestRunner.run(TestRunner.java:623)
	at org.testng.SuiteRunner.runTest(SuiteRunner.java:359)
	at org.testng.SuiteRunner.runSequentially(SuiteRunner.java:354)
	at org.testng.SuiteRunner.privateRun(SuiteRunner.java:312)
	at org.testng.SuiteRunner.run(SuiteRunner.java:261)
	at org.testng.SuiteRunnerWorker.runSuite(SuiteRunnerWorker.java:52)
	at org.testng.SuiteRunnerWorker.run(SuiteRunnerWorker.java:86)
	at org.testng.TestNG.runSuitesSequentially(TestNG.java:1185)
	at org.testng.TestNG.runSuitesLocally(TestNG.java:1110)
	at org.testng.TestNG.run(TestNG.java:1018)
	at org.testng.remote.RemoteTestNG.run(RemoteTestNG.java:112)
	at org.testng.remote.RemoteTestNG.initAndRun(RemoteTestNG.java:205)
	at org.testng.remote.RemoteTestNG.main(RemoteTestNG.java:176)
</pre></div></td>
<td>15</td>
<td>com.mvn.automation.UpgradeAccountTest@6bbc9c7d</td></tr>
<tr>
<td title='com.mvn.automation.UpgradeAccountTest.upgradeAccount()'><b>upgradeAccount</b><br>Test class: com.mvn.automation.UpgradeAccountTest</td>
<td><div><pre>org.junit.ComparisonFailure: expected:&lt;[LITE] PLAN&gt; but was:&lt;[PRO] PLAN&gt;
	at org.junit.Assert.assertEquals(Assert.java:125)
	at org.junit.Assert.assertEquals(Assert.java:147)
	at com.mvn.automation.UpgradeAccountTest.upgradeAccount(UpgradeAccountTest.java:104)
... Removed 24 stack frames</pre></div><a href='#' onClick='toggleBox("stack-trace1868137087", this, "Click to show all stack frames", "Click to hide stack frames")'>Click to show all stack frames</a>
<div class='stack-trace' id='stack-trace1868137087'><pre>org.junit.ComparisonFailure: expected:&lt;[LITE] PLAN&gt; but was:&lt;[PRO] PLAN&gt;
	at org.junit.Assert.assertEquals(Assert.java:125)
	at org.junit.Assert.assertEquals(Assert.java:147)
	at com.mvn.automation.UpgradeAccountTest.upgradeAccount(UpgradeAccountTest.java:104)
	at sun.reflect.NativeMethodAccessorImpl.invoke0(Native Method)
	at sun.reflect.NativeMethodAccessorImpl.invoke(NativeMethodAccessorImpl.java:57)
	at sun.reflect.DelegatingMethodAccessorImpl.invoke(DelegatingMethodAccessorImpl.java:43)
	at java.lang.reflect.Method.invoke(Method.java:606)
	at org.testng.internal.MethodInvocationHelper.invokeMethod(MethodInvocationHelper.java:85)
	at org.testng.internal.Invoker.invokeMethod(Invoker.java:639)
	at org.testng.internal.Invoker.invokeTestMethod(Invoker.java:816)
	at org.testng.internal.Invoker.invokeTestMethods(Invoker.java:1124)
	at org.testng.internal.TestMethodWorker.invokeTestMethods(TestMethodWorker.java:124)
	at org.testng.internal.TestMethodWorker.run(TestMethodWorker.java:108)
	at org.testng.TestRunner.privateRun(TestRunner.java:773)
	at org.testng.TestRunner.run(TestRunner.java:623)
	at org.testng.SuiteRunner.runTest(SuiteRunner.java:359)
	at org.testng.SuiteRunner.runSequentially(SuiteRunner.java:354)
	at org.testng.SuiteRunner.privateRun(SuiteRunner.java:312)
	at org.testng.SuiteRunner.run(SuiteRunner.java:261)
	at org.testng.SuiteRunnerWorker.runSuite(SuiteRunnerWorker.java:52)
	at org.testng.SuiteRunnerWorker.run(SuiteRunnerWorker.java:86)
	at org.testng.TestNG.runSuitesSequentially(TestNG.java:1185)
	at org.testng.TestNG.runSuitesLocally(TestNG.java:1110)
	at org.testng.TestNG.run(TestNG.java:1018)
	at org.testng.remote.RemoteTestNG.run(RemoteTestNG.java:112)
	at org.testng.remote.RemoteTestNG.initAndRun(RemoteTestNG.java:205)
	at org.testng.remote.RemoteTestNG.main(RemoteTestNG.java:176)
</pre></div></td>
<td>16</td>
<td>com.mvn.automation.UpgradeAccountTest@6bbc9c7d</td></tr>
</table><p>
<table width='100%' border='1' class='invocation-passed'>
<tr><td colspan='4' align='center'><b>PASSED TESTS</b></td></tr>
<tr><td><b>Test method</b></td>
<td width="30%"><b>Exception</b></td>
<td width="10%"><b>Time (seconds)</b></td>
<td><b>Instance</b></td>
</tr>
<tr>
<td title='com.mvn.automation.AdminSignInTest.AdminLinkSignIn()'><b>AdminLinkSignIn</b><br>Test class: com.mvn.automation.AdminSignInTest</td>
<td></td>
<td>12</td>
<td>com.mvn.automation.AdminSignInTest@6af7de45</td></tr>
<tr>
<td title='com.mvn.automation.AdminMemberTest.AdminMemberAdd()'><b>AdminMemberAdd</b><br>Test class: com.mvn.automation.AdminMemberTest</td>
<td></td>
<td>15</td>
<td>com.mvn.automation.AdminMemberTest@773e467</td></tr>
<tr>
<td title='com.mvn.automation.AdminMemberTest.AdminMemberCancel()'><b>AdminMemberCancel</b><br>Test class: com.mvn.automation.AdminMemberTest</td>
<td></td>
<td>14</td>
<td>com.mvn.automation.AdminMemberTest@773e467</td></tr>
<tr>
<td title='com.mvn.automation.AdminMemberTest.AdminMemberSearch()'><b>AdminMemberSearch</b><br>Test class: com.mvn.automation.AdminMemberTest</td>
<td></td>
<td>10</td>
<td>com.mvn.automation.AdminMemberTest@773e467</td></tr>
<tr>
<td title='com.mvn.automation.AdminResetPwdTest.AdminResetPwd()'><b>AdminResetPwd</b><br>Test class: com.mvn.automation.AdminResetPwdTest</td>
<td></td>
<td>4</td>
<td>com.mvn.automation.AdminResetPwdTest@3721bae0</td></tr>
<tr>
<td title='com.mvn.automation.AdminResetPwdTest.AdminResetPwdResend()'><b>AdminResetPwdResend</b><br>Test class: com.mvn.automation.AdminResetPwdTest</td>
<td></td>
<td>4</td>
<td>com.mvn.automation.AdminResetPwdTest@3721bae0</td></tr>
<tr>
<td title='com.mvn.automation.AdminSignInTest.AdminSignInInvalidEmail()'><b>AdminSignInInvalidEmail</b><br>Test class: com.mvn.automation.AdminSignInTest</td>
<td></td>
<td>5</td>
<td>com.mvn.automation.AdminSignInTest@6af7de45</td></tr>
<tr>
<td title='com.mvn.automation.AdminSignInTest.AdminSignInInvalidPwd()'><b>AdminSignInInvalidPwd</b><br>Test class: com.mvn.automation.AdminSignInTest</td>
<td></td>
<td>4</td>
<td>com.mvn.automation.AdminSignInTest@6af7de45</td></tr>
<tr>
<td title='com.mvn.automation.AdminSignInTest.AdminSignInNoEmail()'><b>AdminSignInNoEmail</b><br>Test class: com.mvn.automation.AdminSignInTest</td>
<td></td>
<td>2</td>
<td>com.mvn.automation.AdminSignInTest@6af7de45</td></tr>
<tr>
<td title='com.mvn.automation.AdminSignInTest.AdminSignInNoPwd()'><b>AdminSignInNoPwd</b><br>Test class: com.mvn.automation.AdminSignInTest</td>
<td></td>
<td>2</td>
<td>com.mvn.automation.AdminSignInTest@6af7de45</td></tr>
<tr>
<td title='com.mvn.automation.AdminSignInTest.AdminSignInUser()'><b>AdminSignInUser</b><br>Test class: com.mvn.automation.AdminSignInTest</td>
<td></td>
<td>28</td>
<td>com.mvn.automation.AdminSignInTest@6af7de45</td></tr>
<tr>
<td title='com.mvn.automation.MenuOptionsTest.addAccessCode()'><b>addAccessCode</b><br>Test class: com.mvn.automation.MenuOptionsTest</td>
<td></td>
<td>14</td>
<td>com.mvn.automation.MenuOptionsTest@24ee50b4</td></tr>
<tr>
<td title='com.mvn.automation.CreateSpaceTest.addMoreFilestoSpace()'><b>addMoreFilestoSpace</b><br>Test class: com.mvn.automation.CreateSpaceTest</td>
<td></td>
<td>12</td>
<td>com.mvn.automation.CreateSpaceTest@4d25c934</td></tr>
<tr>
<td title='com.mvn.automation.CreateSpaceTest.backgroundImageSpace()'><b>backgroundImageSpace</b><br>Test class: com.mvn.automation.CreateSpaceTest</td>
<td></td>
<td>22</td>
<td>com.mvn.automation.CreateSpaceTest@4d25c934</td></tr>
<tr>
<td title='com.mvn.automation.CreateSpaceTest.createNewSpace()'><b>createNewSpace</b><br>Test class: com.mvn.automation.CreateSpaceTest</td>
<td></td>
<td>9</td>
<td>com.mvn.automation.CreateSpaceTest@4d25c934</td></tr>
<tr>
<td title='com.mvn.automation.CreateSpaceTest.deleteSpace()'><b>deleteSpace</b><br>Test class: com.mvn.automation.CreateSpaceTest</td>
<td></td>
<td>14</td>
<td>com.mvn.automation.CreateSpaceTest@4d25c934</td></tr>
<tr>
<td title='com.mvn.automation.CreateSpaceTest.deleteSpaceMenu()'><b>deleteSpaceMenu</b><br>Test class: com.mvn.automation.CreateSpaceTest</td>
<td></td>
<td>12</td>
<td>com.mvn.automation.CreateSpaceTest@4d25c934</td></tr>
<tr>
<td title='com.mvn.automation.MenuOptionsTest.downloadFiles()'><b>downloadFiles</b><br>Test class: com.mvn.automation.MenuOptionsTest</td>
<td></td>
<td>14</td>
<td>com.mvn.automation.MenuOptionsTest@24ee50b4</td></tr>
<tr>
<td title='com.mvn.automation.HomePageLinksTest.findHomePageLinks()'><b>findHomePageLinks</b><br>Test class: com.mvn.automation.HomePageLinksTest</td>
<td></td>
<td>12</td>
<td>com.mvn.automation.HomePageLinksTest@2bc609cd</td></tr>
<tr>
<td title='com.mvn.automation.OAuth_signInTest.oAuth_incorrectEmailSignIn()'><b>oAuth_incorrectEmailSignIn</b><br>Test class: com.mvn.automation.OAuth_signInTest</td>
<td></td>
<td>15</td>
<td>com.mvn.automation.OAuth_signInTest@56ad882e</td></tr>
<tr>
<td title='com.mvn.automation.OAuth_signInTest.oAuth_incorrectPwdSignIn()'><b>oAuth_incorrectPwdSignIn</b><br>Test class: com.mvn.automation.OAuth_signInTest</td>
<td></td>
<td>15</td>
<td>com.mvn.automation.OAuth_signInTest@56ad882e</td></tr>
<tr>
<td title='com.mvn.automation.OAuth_signInTest.oAuth_noEmailSignIn()'><b>oAuth_noEmailSignIn</b><br>Test class: com.mvn.automation.OAuth_signInTest</td>
<td></td>
<td>15</td>
<td>com.mvn.automation.OAuth_signInTest@56ad882e</td></tr>
<tr>
<td title='com.mvn.automation.OAuth_signInTest.oAuth_noPwdSignIn()'><b>oAuth_noPwdSignIn</b><br>Test class: com.mvn.automation.OAuth_signInTest</td>
<td></td>
<td>15</td>
<td>com.mvn.automation.OAuth_signInTest@56ad882e</td></tr>
<tr>
<td title='com.mvn.automation.OAuth_signInTest.oAuth_nonExistingEmailSignIn()'><b>oAuth_nonExistingEmailSignIn</b><br>Test class: com.mvn.automation.OAuth_signInTest</td>
<td></td>
<td>15</td>
<td>com.mvn.automation.OAuth_signInTest@56ad882e</td></tr>
<tr>
<td title='com.mvn.automation.OAuth_signInTest.oAuth_validSignIn()'><b>oAuth_validSignIn</b><br>Test class: com.mvn.automation.OAuth_signInTest</td>
<td></td>
<td>16</td>
<td>com.mvn.automation.OAuth_signInTest@56ad882e</td></tr>
<tr>
<td title='com.mvn.automation.PasswordUpdateTest.passwordUpdateSpacesUser()'><b>passwordUpdateSpacesUser</b><br>Test class: com.mvn.automation.PasswordUpdateTest</td>
<td></td>
<td>13</td>
<td>com.mvn.automation.PasswordUpdateTest@49982a03</td></tr>
<tr>
<td title='com.mvn.automation.PasswordUpdateTest.resetUserPassword()'><b>resetUserPassword</b><br>Test class: com.mvn.automation.PasswordUpdateTest</td>
<td></td>
<td>8</td>
<td>com.mvn.automation.PasswordUpdateTest@49982a03</td></tr>
<tr>
<td title='com.mvn.automation.ShareASpaceTest.shareAspace()'><b>shareAspace</b><br>Test class: com.mvn.automation.ShareASpaceTest</td>
<td></td>
<td>22</td>
<td>com.mvn.automation.ShareASpaceTest@1ac7b077</td></tr>
<tr>
<td title='com.mvn.automation.SignInTest.signInUser()'><b>signInUser</b><br>Test class: com.mvn.automation.SignInTest</td>
<td></td>
<td>3</td>
<td>com.mvn.automation.SignInTest@22b7be2a</td></tr>
<tr>
<td title='com.mvn.automation.SignOutTest.signOutUser()'><b>signOutUser</b><br>Test class: com.mvn.automation.SignOutTest</td>
<td></td>
<td>6</td>
<td>com.mvn.automation.SignOutTest@2c12625d</td></tr>
<tr>
<td title='com.mvn.automation.SignUpTest.signUpInvalidEmail()'><b>signUpInvalidEmail</b><br>Test class: com.mvn.automation.SignUpTest</td>
<td></td>
<td>6</td>
<td>com.mvn.automation.SignUpTest@63041bb7</td></tr>
<tr>
<td title='com.mvn.automation.SignUpTest.signUpMissingName()'><b>signUpMissingName</b><br>Test class: com.mvn.automation.SignUpTest</td>
<td></td>
<td>7</td>
<td>com.mvn.automation.SignUpTest@63041bb7</td></tr>
<tr>
<td title='com.mvn.automation.SignUpTest.signUpMissingPassword()'><b>signUpMissingPassword</b><br>Test class: com.mvn.automation.SignUpTest</td>
<td></td>
<td>7</td>
<td>com.mvn.automation.SignUpTest@63041bb7</td></tr>
<tr>
<td title='com.mvn.automation.SignUpTest.signUpNewUser()'><b>signUpNewUser</b><br>Test class: com.mvn.automation.SignUpTest</td>
<td></td>
<td>4</td>
<td>com.mvn.automation.SignUpTest@63041bb7</td></tr>
<tr>
<td title='com.mvn.automation.SignUpTest.signUpexistingUser()'><b>signUpexistingUser</b><br>Test class: com.mvn.automation.SignUpTest</td>
<td></td>
<td>4</td>
<td>com.mvn.automation.SignUpTest@63041bb7</td></tr>
</table><p>
</body>
</html>